<?xml version="1.0" encoding="UTF-8"?>
<testsuite name="com.openstego.desktop.OpenStegoTest" tests="21" skipped="0" failures="0" errors="0" timestamp="2026-06-14T21:08:17" hostname="NICK-WINDOWS-PC" time="1.245">
  <properties/>
  <testcase name="testEmbedDataFile()" classname="com.openstego.desktop.OpenStegoTest" time="0.907"/>
  <testcase name="testCheckMark_exception()" classname="com.openstego.desktop.OpenStegoTest" time="0.007"/>
  <testcase name="testEmbedData_exception()" classname="com.openstego.desktop.OpenStegoTest" time="0.012"/>
  <testcase name="testEmbedDataFile_exception()" classname="com.openstego.desktop.OpenStegoTest" time="0.002"/>
  <testcase name="testEmbedData()" classname="com.openstego.desktop.OpenStegoTest" time="0.002"/>
  <testcase name="testEmbedMark()" classname="com.openstego.desktop.OpenStegoTest" time="0.002"/>
  <testcase name="testGetDiff()" classname="com.openstego.desktop.OpenStegoTest" time="0.002"/>
  <testcase name="testCheckMarkFile()" classname="com.openstego.desktop.OpenStegoTest" time="0.011"/>
  <testcase name="testExtractData_exception()" classname="com.openstego.desktop.OpenStegoTest" time="0.005"/>
  <testcase name="testEmbedData_withCompressionAndEncryption()" classname="com.openstego.desktop.OpenStegoTest" time="0.168"/>
  <testcase name="testEmbedMarkFile()" classname="com.openstego.desktop.OpenStegoTest" time="0.006"/>
  <testcase name="testCGenerateSignature_exception()" classname="com.openstego.desktop.OpenStegoTest" time="0.003"/>
  <testcase name="testCheckMark()" classname="com.openstego.desktop.OpenStegoTest" time="0.005"/>
  <testcase name="testExtractData()" classname="com.openstego.desktop.OpenStegoTest" time="0.002"/>
  <testcase name="testExtractDataFile()" classname="com.openstego.desktop.OpenStegoTest" time="0.004"/>
  <testcase name="testGetDiffFile()" classname="com.openstego.desktop.OpenStegoTest" time="0.004"/>
  <testcase name="testEmbedMarkFile_exception()" classname="com.openstego.desktop.OpenStegoTest" time="0.002"/>
  <testcase name="testEmbedMark_exception()" classname="com.openstego.desktop.OpenStegoTest" time="0.003"/>
  <testcase name="testExtractData_withCompressionAndEncryption()" classname="com.openstego.desktop.OpenStegoTest" time="0.073"/>
  <testcase name="testCGenerateSignature()" classname="com.openstego.desktop.OpenStegoTest" time="0.002"/>
  <testcase name="testConstructor()" classname="com.openstego.desktop.OpenStegoTest" time="0.002"/>
  <system-out><![CDATA[]]></system-out>
  <system-err><![CDATA[Mockito is currently self-attaching to enable the inline-mock-maker. This will no longer work in future releases of the JDK. Please add Mockito as an agent to your build what is described in Mockito's documentation: https://javadoc.io/doc/org.mockito/mockito-core/latest/org/mockito/Mockito.html#0.3
WARNING: A Java agent has been loaded dynamically (/home/nhaghiri/.gradle/caches/modules-2/files-2.1/net.bytebuddy/byte-buddy-agent/1.15.4/58e850dde88f3cf20f41f659440bef33f6c4fe02/byte-buddy-agent-1.15.4.jar)
WARNING: If a serviceability tool is in use, please run with -XX:+EnableDynamicAgentLoading to hide this warning
WARNING: If a serviceability tool is not in use, please run with -Djdk.instrument.traceUsage for more information
WARNING: Dynamic loading of agents will be disallowed by default in a future release
]]></system-err>
</testsuite>
