<?xml version="1.0" encoding="UTF-8"?>
<testsuite name="com.openstego.desktop.CLITest" tests="3" skipped="0" failures="0" errors="0" timestamp="2026-06-15T01:24:42" hostname="NICK-WINDOWS-PC" time="0.51">
  <properties/>
  <testcase name="testAlgorithmsListsPlugins()" classname="com.openstego.desktop.CLITest" time="0.063"/>
  <testcase name="testEmbedExtractRoundTrip(Path)" classname="com.openstego.desktop.CLITest" time="0.108"/>
  <testcase name="testEmbedExtractWithPluginOptionAndEncryption(Path)" classname="com.openstego.desktop.CLITest" time="0.336"/>
  <system-out><![CDATA[]]></system-out>
  <system-err><![CDATA[Extracted file: /tmp/junit-6413052630016691219/out/msg.txt
Extracted file: /tmp/junit-736294963349916091/out/msg.txt
]]></system-err>
</testsuite>
